# JRE version: OpenJDK Runtime Environment (8.0_242-b01) (build 1.8.0_242-release-1644-b01)
# Java VM: OpenJDK 64-Bit Server VM (25.242-b01 mixed mode windows-amd64 compressed oops)
Heap:
 PSYoungGen      total 218112K, used 160264K [0x00000000d5580000, 0x00000000e5000000, 0x0000000100000000)
  eden space 199168K, 80% used [0x00000000d5580000,0x00000000df202290,0x00000000e1800000)
  from space 18944K, 0% used [0x00000000e2b00000,0x00000000e2b00000,0x00000000e3d80000)
  to   space 19456K, 0% used [0x00000000e1800000,0x00000000e1800000,0x00000000e2b00000)
 ParOldGen       total 113152K, used 28490K [0x0000000080000000, 0x0000000086e80000, 0x00000000d5580000)
  object space 113152K, 25% used [0x0000000080000000,0x0000000081bd2950,0x0000000086e80000)
 Metaspace       used 62002K, capacity 64698K, committed 64936K, reserved 1107968K
  class space    used 8544K, capacity 9082K, committed 9136K, reserved 1048576K
GC Heap History (10 events):
Event: 19.365 GC heap before
{Heap before GC invocations=11 (full 2):
 PSYoungGen      total 117760K, used 8681K [0x00000000d5580000, 0x00000000e0800000, 0x0000000100000000)
  eden space 106496K, 0% used [0x00000000d5580000,0x00000000d5580000,0x00000000dbd80000)
  from space 11264K, 77% used [0x00000000dbd80000,0x00000000dc5fa748,0x00000000dc880000)
  to   space 11776K, 0% used [0x00000000dfc80000,0x00000000dfc80000,0x00000000e0800000)
 ParOldGen       total 57856K, used 9329K [0x0000000080000000, 0x0000000083880000, 0x00000000d5580000)
  object space 57856K, 16% used [0x0000000080000000,0x000000008091c5d0,0x0000000083880000)
 Metaspace       used 34574K, capacity 35442K, committed 35496K, reserved 1079296K
  class space    used 4737K, capacity 5006K, committed 5040K, reserved 1048576K
Event: 19.512 GC heap after
Heap after GC invocations=11 (full 2):
 PSYoungGen      total 117760K, used 0K [0x00000000d5580000, 0x00000000e0800000, 0x0000000100000000)
  eden space 106496K, 0% used [0x00000000d5580000,0x00000000d5580000,0x00000000dbd80000)
  from space 11264K, 0% used [0x00000000dbd80000,0x00000000dbd80000,0x00000000dc880000)
  to   space 11776K, 0% used [0x00000000dfc80000,0x00000000dfc80000,0x00000000e0800000)
 ParOldGen       total 77824K, used 15470K [0x0000000080000000, 0x0000000084c00000, 0x00000000d5580000)
  object space 77824K, 19% used [0x0000000080000000,0x0000000080f1bad0,0x0000000084c00000)
 Metaspace       used 34574K, capacity 35442K, committed 35496K, reserved 1079296K
  class space    used 4737K, capacity 5006K, committed 5040K, reserved 1048576K
}
Event: 25.257 GC heap before
{Heap before GC invocations=12 (full 2):
 PSYoungGen      total 117760K, used 106496K [0x00000000d5580000, 0x00000000e0800000, 0x0000000100000000)
  eden space 106496K, 100% used [0x00000000d5580000,0x00000000dbd80000,0x00000000dbd80000)
  from space 11264K, 0% used [0x00000000dbd80000,0x00000000dbd80000,0x00000000dc880000)
  to   space 11776K, 0% used [0x00000000dfc80000,0x00000000dfc80000,0x00000000e0800000)
 ParOldGen       total 77824K, used 15470K [0x0000000080000000, 0x0000000084c00000, 0x00000000d5580000)
  object space 77824K, 19% used [0x0000000080000000,0x0000000080f1bad0,0x0000000084c00000)
 Metaspace       used 44161K, capacity 45652K, committed 45864K, reserved 1089536K
  class space    used 5979K, capacity 6360K, committed 6448K, reserved 1048576K
Event: 25.291 GC heap after
Heap after GC invocations=12 (full 2):
 PSYoungGen      total 158720K, used 11770K [0x00000000d5580000, 0x00000000e0800000, 0x0000000100000000)
  eden space 146944K, 0% used [0x00000000d5580000,0x00000000d5580000,0x00000000de500000)
  from space 11776K, 99% used [0x00000000dfc80000,0x00000000e07fe9f8,0x00000000e0800000)
  to   space 13312K, 0% used [0x00000000dee00000,0x00000000dee00000,0x00000000dfb00000)
 ParOldGen       total 77824K, used 16888K [0x0000000080000000, 0x0000000084c00000, 0x00000000d5580000)
  object space 77824K, 21% used [0x0000000080000000,0x000000008107e240,0x0000000084c00000)
 Metaspace       used 44161K, capacity 45652K, committed 45864K, reserved 1089536K
  class space    used 5979K, capacity 6360K, committed 6448K, reserved 1048576K
}
Event: 32.671 GC heap before
{Heap before GC invocations=13 (full 2):
 PSYoungGen      total 158720K, used 158714K [0x00000000d5580000, 0x00000000e0800000, 0x0000000100000000)
  eden space 146944K, 100% used [0x00000000d5580000,0x00000000de500000,0x00000000de500000)
  from space 11776K, 99% used [0x00000000dfc80000,0x00000000e07fe9f8,0x00000000e0800000)
  to   space 13312K, 0% used [0x00000000dee00000,0x00000000dee00000,0x00000000dfb00000)
 ParOldGen       total 77824K, used 16888K [0x0000000080000000, 0x0000000084c00000, 0x00000000d5580000)
  object space 77824K, 21% used [0x0000000080000000,0x000000008107e240,0x0000000084c00000)
 Metaspace       used 56289K, capacity 58352K, committed 58664K, reserved 1099776K
  class space    used 7723K, capacity 8203K, committed 8240K, reserved 1048576K
Event: 32.754 GC heap after
Heap after GC invocations=13 (full 2):
 PSYoungGen      total 169472K, used 13283K [0x00000000d5580000, 0x00000000e3d80000, 0x0000000100000000)
  eden space 156160K, 0% used [0x00000000d5580000,0x00000000d5580000,0x00000000dee00000)
  from space 13312K, 99% used [0x00000000dee00000,0x00000000dfaf8ff8,0x00000000dfb00000)
  to   space 18944K, 0% used [0x00000000e2b00000,0x00000000e2b00000,0x00000000e3d80000)
 ParOldGen       total 77824K, used 27391K [0x0000000080000000, 0x0000000084c00000, 0x00000000d5580000)
  object space 77824K, 35% used [0x0000000080000000,0x0000000081abfff0,0x0000000084c00000)
 Metaspace       used 56289K, capacity 58352K, committed 58664K, reserved 1099776K
  class space    used 7723K, capacity 8203K, committed 8240K, reserved 1048576K
}
Event: 33.373 GC heap before
{Heap before GC invocations=14 (full 2):
 PSYoungGen      total 169472K, used 22291K [0x00000000d5580000, 0x00000000e3d80000, 0x0000000100000000)
  eden space 156160K, 5% used [0x00000000d5580000,0x00000000d5e4bf00,0x00000000dee00000)
  from space 13312K, 99% used [0x00000000dee00000,0x00000000dfaf8ff8,0x00000000dfb00000)
  to   space 18944K, 0% used [0x00000000e2b00000,0x00000000e2b00000,0x00000000e3d80000)
 ParOldGen       total 77824K, used 27391K [0x0000000080000000, 0x0000000084c00000, 0x00000000d5580000)
  object space 77824K, 35% used [0x0000000080000000,0x0000000081abfff0,0x0000000084c00000)
 Metaspace       used 56994K, capacity 59014K, committed 59160K, reserved 1099776K
  class space    used 7815K, capacity 8282K, committed 8368K, reserved 1048576K
Event: 33.408 GC heap after
Heap after GC invocations=14 (full 2):
 PSYoungGen      total 218112K, used 1191K [0x00000000d5580000, 0x00000000e5000000, 0x0000000100000000)
  eden space 199168K, 0% used [0x00000000d5580000,0x00000000d5580000,0x00000000e1800000)
  from space 18944K, 6% used [0x00000000e2b00000,0x00000000e2c29de8,0x00000000e3d80000)
  to   space 19456K, 0% used [0x00000000e1800000,0x00000000e1800000,0x00000000e2b00000)
 ParOldGen       total 77824K, used 36593K [0x0000000080000000, 0x0000000084c00000, 0x00000000d5580000)
  object space 77824K, 47% used [0x0000000080000000,0x00000000823bc758,0x0000000084c00000)
 Metaspace       used 56994K, capacity 59014K, committed 59160K, reserved 1099776K
  class space    used 7815K, capacity 8282K, committed 8368K, reserved 1048576K
}
Event: 33.408 GC heap before
{Heap before GC invocations=15 (full 3):
 PSYoungGen      total 218112K, used 1191K [0x00000000d5580000, 0x00000000e5000000, 0x0000000100000000)
  eden space 199168K, 0% used [0x00000000d5580000,0x00000000d5580000,0x00000000e1800000)
  from space 18944K, 6% used [0x00000000e2b00000,0x00000000e2c29de8,0x00000000e3d80000)
  to   space 19456K, 0% used [0x00000000e1800000,0x00000000e1800000,0x00000000e2b00000)
 ParOldGen       total 77824K, used 36593K [0x0000000080000000, 0x0000000084c00000, 0x00000000d5580000)
  object space 77824K, 47% used [0x0000000080000000,0x00000000823bc758,0x0000000084c00000)
 Metaspace       used 56994K, capacity 59014K, committed 59160K, reserved 1099776K
  class space    used 7815K, capacity 8282K, committed 8368K, reserved 1048576K
Event: 34.129 GC heap after
Heap after GC invocations=15 (full 3):
 PSYoungGen      total 218112K, used 0K [0x00000000d5580000, 0x00000000e5000000, 0x0000000100000000)
  eden space 199168K, 0% used [0x00000000d5580000,0x00000000d5580000,0x00000000e1800000)
  from space 18944K, 0% used [0x00000000e2b00000,0x00000000e2b00000,0x00000000e3d80000)
  to   space 19456K, 0% used [0x00000000e1800000,0x00000000e1800000,0x00000000e2b00000)
 ParOldGen       total 113152K, used 28490K [0x0000000080000000, 0x0000000086e80000, 0x00000000d5580000)
  object space 113152K, 25% used [0x0000000080000000,0x0000000081bd2950,0x0000000086e80000)
 Metaspace       used 56976K, capacity 58954K, committed 59160K, reserved 1099776K
  class space    used 7810K, capacity 8272K, committed 8368K, reserved 1048576K
}

